Command line:
   sim_isim_beh.exe
     -simmode  gui
     -simrunnum  0
     -socket  63672

Sat Mar 24 11:44:20 2018


 Elaboration Time: 0.28125 sec

 Current Memory Usage: 900.563 Meg

 Total Signals          : 30
 Total Nets             : 41
 Total Signal Drivers   : 19
 Total Blocks           : 3
 Total Primitive Blocks : 2
 Total Processes        : 25
 Total Traceable Variables  : 41
 Total Scalar Nets and Variables : 299
Total Line Count : 94

 Total Simulation Time: 0.375 sec

 Current Memory Usage: 900.563 Meg

Sat Mar 24 11:44:48 2018

