iMPACT Version: 14.7

iMPACT log file Started on Fri Dec 30 16:04:05 2022

Welcome to iMPACT
iMPACT Version: 14.7
Project: 'C:\Users\despacho\Downloads\shared-main\HoundCPLD\\auto_project.ipf'already exists.
Original project has been renamed to'C:\Users\despacho\Downloads\shared-main\HoundCPLD\\auto_project_1.ipf'.
Project: C:\Users\despacho\Downloads\shared-main\HoundCPLD\\auto_project.ipfcreated.
// *** BATCH CMD : setMode -bs
GUI --- Auto connect to cable...
// *** BATCH CMD : setCable -port auto
INFO:iMPACT - Digilent Plugin: Plugin Version: 2.4.4
INFO:iMPACT - Digilent Plugin: no JTAG device was found.
AutoDetecting cable. Please wait.
*** WARNING ***: When port is set to auto detect mode, cable speed is set todefault 6 MHz regardless of explicit arguments supplied for setting the baudrates
PROGRESS_START - Starting Operation.
Connecting to cable (Usb Port - USB21).
Checking cable driver.
 Driver file xusb_xlp.sys found.
 Driver version: src=1029, dest=1029.
 Driver windrvr6.sys version = 10.2.1.0. WinDriver v10.21 Jungo (c) 1997 - 2010 Build Date: Aug 31 2010 x86_64 64bit SYS14:14:44, version = 1021.
 Cable PID = 0008.
 Max current requested during enumeration is 74 mA.
Type = 0x0004.
 Cable Type = 3, Revision = 0.
 Setting cable speed to 6 MHz.
Cable connection established.
Firmware version = 1303.
File version of C:/Xilinx/14.7/ISE_DS/ISE/data/xusb_xlp.hex = 1303.
Firmware hex file version = 1303.
PLD file version = 0012h.
 PLD version = 0012h.
PROGRESS_END - End Operation.
Elapsed time =      1 sec.
Type = 0x0004.
 ESN device is not available for this cable.
Attempting to identify devices in the boundary-scan chain configuration...
INFO:iMPACT - Current time: 30/12/2022 16:04:09
// *** BATCH CMD : Identify -inferir 
PROGRESS_START - Starting Operation.
Identifying chain contents...'0': : Manufacturer's ID = Xilinx xc2c64a, Version : 0
INFO:iMPACT:1777 - 
   Reading C:/Xilinx/14.7/ISE_DS/ISE/xbr/data/xc2c64a.bsd...
INFO:iMPACT:501 - '1': Added Device xc2c64a successfully.
----------------------------------------------------------------------
done.
PROGRESS_END - End Operation.
Elapsed time =      0 sec.
// *** BATCH CMD : identifyMPM 
// *** BATCH CMD : assignFile -p 1 -file"C:/Users/despacho/Downloads/shared-main/FT60X_2_XC_Bootloader/bootloader.isc"
'1': Loading file'C:/Users/despacho/Downloads/shared-main/FT60X_2_XC_Bootloader/bootloader.isc'...
done.
INFO:iMPACT:1777 - 
   Reading C:/Xilinx/14.7/ISE_DS/ISE/xbr/data/xc2c64a_1532.bsd...
INFO:iMPACT:501 - '1': Added Device XC2C64A successfully.
----------------------------------------------------------------------
INFO:iMPACT - Current time: 30/12/2022 16:04:16
// *** BATCH CMD : Program -p 1 -e -v 
Maximum TCK operating frequency for this device chain: 33000000.
Validating chain...
Boundary-scan chain validated successfully.
'1': Performing Action : PROGRAM...
INFO:iMPACT:1045 - '1': Performing  procedure: PROC_VERIFY_IDCODE...
INFO:iMPACT:1045 - '1': Performing  flow: FLOW_VERIFY_IDCODE...
INFO:iMPACT:1045 - '1': Performing  procedure: PROC_ENABLE...
INFO:iMPACT:1045 - '1': Performing  flow: FLOW_ENABLE_HIGHZ...
INFO:iMPACT:1045 - '1': Performing  procedure: PROC_ERASE...
INFO:iMPACT:1045 - '1': Performing  flow: FLOW_ERASE...
INFO:iMPACT:1045 - '1': Performing  procedure: PROC_BLANK_CHECK...
INFO:iMPACT:1045 - '1': Performing  flow: FLOW_ERASE_VERIFY...
PROGRESS_START - Starting Operation.
INFO:iMPACT:1045 - '1': Performing  procedure: PROC_PROGRAM_ARRAY...
INFO:iMPACT:1045 - '1': Performing  flow: FLOW_PROGRAM_ARRAY...
INFO:iMPACT:1045 - '1': Performing  flow: FLOW_PROGRAM_DONEBIT...
INFO:iMPACT:1045 - '1': Performing  procedure: PROC_VERIFY_ARRAY...
INFO:iMPACT:1045 - '1': Performing  flow: FLOW_VERIFY_ARRAY...
INFO:iMPACT:1045 - '1': Performing  procedure: PROC_REINIT...
INFO:iMPACT:1045 - '1': Performing  flow: FLOW_REINIT...
INFO:iMPACT:1045 - '1': Performing  procedure: PROC_DISABLE...
INFO:iMPACT:1045 - '1': Performing  flow: FLOW_DISABLE...
PROGRESS_END - End Operation.
Elapsed time =      1 sec.
INFO:iMPACT - Current time: 30/12/2022 16:04:18
// *** BATCH CMD : Erase -p 1 
Maximum TCK operating frequency for this device chain: 33000000.
Validating chain...
Boundary-scan chain validated successfully.
'1': Performing Action : ERASE...
INFO:iMPACT:1045 - '1': Performing  procedure: PROC_VERIFY_IDCODE...
INFO:iMPACT:1045 - '1': Performing  flow: FLOW_VERIFY_IDCODE...
INFO:iMPACT:1045 - '1': Performing  procedure: PROC_ENABLE...
INFO:iMPACT:1045 - '1': Performing  flow: FLOW_ENABLE_HIGHZ...
INFO:iMPACT:1045 - '1': Performing  procedure: PROC_ERASE...
INFO:iMPACT:1045 - '1': Performing  flow: FLOW_ERASE...
INFO:iMPACT:1045 - '1': Performing  procedure: PROC_BLANK_CHECK...
INFO:iMPACT:1045 - '1': Performing  flow: FLOW_ERASE_VERIFY...
PROGRESS_START - Starting Operation.
INFO:iMPACT:1045 - '1': Performing  procedure: PROC_REINIT...
INFO:iMPACT:1045 - '1': Performing  flow: FLOW_REINIT...
INFO:iMPACT:1045 - '1': Performing  procedure: PROC_DISABLE...
INFO:iMPACT:1045 - '1': Performing  flow: FLOW_DISABLE...
PROGRESS_END - End Operation.
Elapsed time =      1 sec.
INFO:iMPACT - Current time: 30/12/2022 16:04:19
// *** BATCH CMD : Program -p 1 -e -v 
Maximum TCK operating frequency for this device chain: 33000000.
Validating chain...
Boundary-scan chain validated successfully.
'1': Performing Action : PROGRAM...
INFO:iMPACT:1045 - '1': Performing  procedure: PROC_VERIFY_IDCODE...
INFO:iMPACT:1045 - '1': Performing  flow: FLOW_VERIFY_IDCODE...
INFO:iMPACT:1045 - '1': Performing  procedure: PROC_ENABLE...
INFO:iMPACT:1045 - '1': Performing  flow: FLOW_ENABLE_HIGHZ...
INFO:iMPACT:1045 - '1': Performing  procedure: PROC_ERASE...
INFO:iMPACT:1045 - '1': Performing  flow: FLOW_ERASE...
INFO:iMPACT:1045 - '1': Performing  procedure: PROC_BLANK_CHECK...
INFO:iMPACT:1045 - '1': Performing  flow: FLOW_ERASE_VERIFY...
PROGRESS_START - Starting Operation.
INFO:iMPACT:1045 - '1': Performing  procedure: PROC_PROGRAM_ARRAY...
INFO:iMPACT:1045 - '1': Performing  flow: FLOW_PROGRAM_ARRAY...
INFO:iMPACT:1045 - '1': Performing  flow: FLOW_PROGRAM_DONEBIT...
INFO:iMPACT:1045 - '1': Performing  procedure: PROC_VERIFY_ARRAY...
INFO:iMPACT:1045 - '1': Performing  flow: FLOW_VERIFY_ARRAY...
INFO:iMPACT:1045 - '1': Performing  procedure: PROC_REINIT...
INFO:iMPACT:1045 - '1': Performing  flow: FLOW_REINIT...
INFO:iMPACT:1045 - '1': Performing  procedure: PROC_DISABLE...
INFO:iMPACT:1045 - '1': Performing  flow: FLOW_DISABLE...
PROGRESS_END - End Operation.
Elapsed time =      2 sec.
Cable is not connected.
Project: 'C:\Users\despacho\Downloads\shared-main\HoundCPLD\\auto_project.ipf'created.
// *** BATCH CMD : setMode -bs
// *** BATCH CMD : setMode -ss
// *** BATCH CMD : setMode -sm
// *** BATCH CMD : setMode -hw140
// *** BATCH CMD : setMode -spi
// *** BATCH CMD : setMode -acecf
// *** BATCH CMD : setMode -acempm
// *** BATCH CMD : setMode -pff
// *** BATCH CMD : setMode -bs
// *** BATCH CMD : saveProjectFile -file"C:\Users\despacho\Downloads\shared-main\HoundCPLD\\auto_project.ipf"
// *** BATCH CMD : setMode -bs
INFO:iMPACT - Launching WebTalk, please refer to the webtalk log at   C:\Users\despacho\Downloads\shared-main\HoundCPLD\webtalk.log for details.
