Running: C:\Xilinx\14.7\ISE_DS\ISE\bin\nt64\unwrapped\fuse.exe -intstyle ise -incremental -lib uni9000_ver -lib aim_ver -lib cpld_ver -lib xilinxcorelib_ver -o C:/developer/svn_projects/hound/SW/cpld/HoundCPLD/sim_isim_beh.exe -prj C:/developer/svn_projects/hound/SW/cpld/HoundCPLD/sim_beh.prj work.sim work.glbl 
ISim P.20131013 (signature 0x7708f090)
Number of CPUs detected in this system: 8
Turning on mult-threading, number of parallel sub-compilation jobs: 16 
Determining compilation order of HDL files
Analyzing Verilog file "C:/developer/svn_projects/hound/SW/cpld/HoundCPLD/bootloader.v" into library work
Analyzing Verilog file "C:/developer/svn_projects/hound/SW/cpld/HoundCPLD/sim.v" into library work
Analyzing Verilog file "C:/Xilinx/14.7/ISE_DS/ISE//verilog/src/glbl.v" into library work
Starting static elaboration
WARNING:HDLCompiler:329 - "C:/developer/svn_projects/hound/SW/cpld/HoundCPLD/sim.v" Line 51: Target <fpga_program_b> of concurrent assignment or output port connection should be a net type.
Completed static elaboration
Compiling module bootloader
Compiling module sim
Compiling module glbl
Time Resolution for simulation is 1ps.
WARNING:Simulator - Unable to copy libPortabilityNOSH.dll to the simulation executable directory: boost::filesystem::copy_file: El sistema no puede encontrar la ruta especificada, "isim\sim_isim_beh.exe.sim\libPortability.dll".
Compiled 3 Verilog Units
Built simulation executable C:/developer/svn_projects/hound/SW/cpld/HoundCPLD/sim_isim_beh.exe
Fuse Memory Usage: 27788 KB
Fuse CPU Usage: 359 ms
